******* 04/18/2023 01: 14: 10 PM - INFO - element ('id', 'user-name') enter value
******* 04/18/2023 01: 14: 10 PM - INFO - element ('id', 'user-name') is visible
******* 04/18/2023 01: 14: 11 PM - INFO - element ('id', 'password') enter value
******* 04/18/2023 01: 14: 11 PM - INFO - element ('id', 'password') is visible
******* 04/18/2023 01: 14: 11 PM - INFO - element ('id', 'login-button') click
******* 04/18/2023 01: 14: 11 PM - INFO - element ('id', 'login-button') is clickable
******* 04/18/2023 01: 14: 11 PM - INFO - element ('class name', 'title') is visible
******* 04/18/2023 01: 14: 20 PM - INFO - element ('id', 'user-name') enter value
******* 04/18/2023 01: 14: 20 PM - INFO - element ('id', 'user-name') is visible
******* 04/18/2023 01: 14: 20 PM - INFO - element ('id', 'password') enter value
******* 04/18/2023 01: 14: 20 PM - INFO - element ('id', 'password') is visible
******* 04/18/2023 01: 14: 20 PM - INFO - element ('id', 'login-button') click
******* 04/18/2023 01: 14: 20 PM - INFO - element ('id', 'login-button') is clickable
******* 04/18/2023 01: 14: 20 PM - INFO - element ('class name', 'error-message-container') is visible
******* 04/18/2023 01: 14: 30 PM - INFO - element ('id', 'user-name') enter value
******* 04/18/2023 01: 14: 30 PM - INFO - element ('id', 'user-name') is visible
******* 04/18/2023 01: 14: 30 PM - INFO - element ('id', 'password') enter value
******* 04/18/2023 01: 14: 30 PM - INFO - element ('id', 'password') is visible
******* 04/18/2023 01: 14: 30 PM - INFO - element ('id', 'login-button') click
******* 04/18/2023 01: 14: 30 PM - INFO - element ('id', 'login-button') is clickable
******* 04/18/2023 01: 14: 30 PM - INFO - element ('class name', 'error-message-container') is visible
******* 04/18/2023 01: 14: 39 PM - INFO - element ('id', 'user-name') enter value
******* 04/18/2023 01: 14: 39 PM - INFO - element ('id', 'user-name') is visible
******* 04/18/2023 01: 14: 39 PM - INFO - element ('id', 'password') enter value
******* 04/18/2023 01: 14: 39 PM - INFO - element ('id', 'password') is visible
******* 04/18/2023 01: 14: 39 PM - INFO - element ('id', 'login-button') click
******* 04/18/2023 01: 14: 39 PM - INFO - element ('id', 'login-button') is clickable
******* 04/18/2023 01: 14: 39 PM - INFO - element ('class name', 'error-message-container') is visible
******* 04/18/2023 01: 14: 48 PM - INFO - element ('id', 'user-name') enter value
******* 04/18/2023 01: 14: 48 PM - INFO - element ('id', 'user-name') is visible
******* 04/18/2023 01: 14: 49 PM - INFO - element ('id', 'password') enter value
******* 04/18/2023 01: 14: 49 PM - INFO - element ('id', 'password') is visible
******* 04/18/2023 01: 14: 49 PM - INFO - element ('id', 'login-button') click
******* 04/18/2023 01: 14: 49 PM - INFO - element ('id', 'login-button') is clickable
******* 04/18/2023 01: 14: 49 PM - INFO - element ('class name', 'error-message-container') is visible
******* 04/18/2023 01: 14: 58 PM - INFO - element ('id', 'user-name') enter value
******* 04/18/2023 01: 14: 58 PM - INFO - element ('id', 'user-name') is visible
******* 04/18/2023 01: 14: 58 PM - INFO - element ('id', 'password') enter value
******* 04/18/2023 01: 14: 58 PM - INFO - element ('id', 'password') is visible
******* 04/18/2023 01: 14: 58 PM - INFO - element ('id', 'login-button') click
******* 04/18/2023 01: 14: 58 PM - INFO - element ('id', 'login-button') is clickable
******* 04/18/2023 01: 14: 58 PM - INFO - element ('class name', 'bm-burger-button') click
******* 04/18/2023 01: 14: 58 PM - INFO - element ('class name', 'bm-burger-button') is clickable
******* 04/18/2023 01: 14: 58 PM - INFO - element ('id', 'logout_sidebar_link') click
******* 04/18/2023 01: 14: 58 PM - INFO - element ('id', 'logout_sidebar_link') is clickable
******* 04/18/2023 01: 15: 08 PM - INFO - element ('id', 'user-name') enter value
******* 04/18/2023 01: 15: 08 PM - INFO - element ('id', 'user-name') is visible
******* 04/18/2023 01: 15: 08 PM - INFO - element ('id', 'password') enter value
******* 04/18/2023 01: 15: 08 PM - INFO - element ('id', 'password') is visible
******* 04/18/2023 01: 15: 08 PM - INFO - element ('id', 'login-button') click
******* 04/18/2023 01: 15: 08 PM - INFO - element ('id', 'login-button') is clickable
******* 04/18/2023 01: 15: 08 PM - INFO - element ('id', 'add-to-cart-sauce-labs-backpack') click
******* 04/18/2023 01: 15: 08 PM - INFO - element ('id', 'add-to-cart-sauce-labs-backpack') is clickable
******* 04/18/2023 01: 15: 08 PM - INFO - element ('class name', 'shopping_cart_badge') click
******* 04/18/2023 01: 15: 08 PM - INFO - element ('class name', 'shopping_cart_badge') is clickable
******* 04/18/2023 01: 15: 08 PM - INFO - element ('id', 'checkout') click
******* 04/18/2023 01: 15: 08 PM - INFO - element ('id', 'checkout') is clickable
******* 04/18/2023 01: 15: 09 PM - INFO - element ('id', 'first-name') enter value
******* 04/18/2023 01: 15: 09 PM - INFO - element ('id', 'first-name') is visible
******* 04/18/2023 01: 15: 09 PM - INFO - element ('id', 'last-name') enter value
******* 04/18/2023 01: 15: 09 PM - INFO - element ('id', 'last-name') is visible
******* 04/18/2023 01: 15: 09 PM - INFO - element ('id', 'postal-code') enter value
******* 04/18/2023 01: 15: 09 PM - INFO - element ('id', 'postal-code') is visible
******* 04/18/2023 01: 15: 09 PM - INFO - element ('id', 'continue') click
******* 04/18/2023 01: 15: 09 PM - INFO - element ('id', 'continue') is clickable
******* 04/18/2023 01: 15: 09 PM - INFO - element ('id', 'finish') click
******* 04/18/2023 01: 15: 09 PM - INFO - element ('id', 'finish') is clickable
******* 04/21/2023 10: 47: 28 AM - INFO - element ('id', 'user-name') enter value
******* 04/21/2023 10: 47: 28 AM - INFO - element ('id', 'user-name') is visible
******* 04/21/2023 10: 47: 28 AM - INFO - element ('id', 'password') enter value
******* 04/21/2023 10: 47: 28 AM - INFO - element ('id', 'password') is visible
******* 04/21/2023 10: 47: 28 AM - INFO - element ('id', 'login-button') click
******* 04/21/2023 10: 47: 28 AM - INFO - element ('id', 'login-button') is clickable
******* 04/21/2023 10: 47: 28 AM - INFO - element ('class name', 'title') is visible
******* 04/21/2023 10: 47: 38 AM - INFO - element ('id', 'user-name') enter value
******* 04/21/2023 10: 47: 38 AM - INFO - element ('id', 'user-name') is visible
******* 04/21/2023 10: 47: 38 AM - INFO - element ('id', 'password') enter value
******* 04/21/2023 10: 47: 38 AM - INFO - element ('id', 'password') is visible
******* 04/21/2023 10: 47: 39 AM - INFO - element ('id', 'login-button') click
******* 04/21/2023 10: 47: 39 AM - INFO - element ('id', 'login-button') is clickable
******* 04/21/2023 10: 47: 39 AM - INFO - element ('class name', 'error-message-container') is visible
******* 04/21/2023 10: 47: 48 AM - INFO - element ('id', 'user-name') enter value
******* 04/21/2023 10: 47: 48 AM - INFO - element ('id', 'user-name') is visible
******* 04/21/2023 10: 47: 48 AM - INFO - element ('id', 'password') enter value
******* 04/21/2023 10: 47: 48 AM - INFO - element ('id', 'password') is visible
******* 04/21/2023 10: 47: 49 AM - INFO - element ('id', 'login-button') click
******* 04/21/2023 10: 47: 49 AM - INFO - element ('id', 'login-button') is clickable
******* 04/21/2023 10: 47: 49 AM - INFO - element ('class name', 'error-message-container') is visible
******* 04/21/2023 10: 47: 59 AM - INFO - element ('id', 'user-name') enter value
******* 04/21/2023 10: 47: 59 AM - INFO - element ('id', 'user-name') is visible
******* 04/21/2023 10: 47: 59 AM - INFO - element ('id', 'password') enter value
******* 04/21/2023 10: 47: 59 AM - INFO - element ('id', 'password') is visible
******* 04/21/2023 10: 47: 59 AM - INFO - element ('id', 'login-button') click
******* 04/21/2023 10: 47: 59 AM - INFO - element ('id', 'login-button') is clickable
******* 04/21/2023 10: 47: 59 AM - INFO - element ('class name', 'error-message-container') is visible
******* 04/21/2023 10: 48: 09 AM - INFO - element ('id', 'user-name') enter value
******* 04/21/2023 10: 48: 09 AM - INFO - element ('id', 'user-name') is visible
******* 04/21/2023 10: 48: 09 AM - INFO - element ('id', 'password') enter value
******* 04/21/2023 10: 48: 09 AM - INFO - element ('id', 'password') is visible
******* 04/21/2023 10: 48: 09 AM - INFO - element ('id', 'login-button') click
******* 04/21/2023 10: 48: 09 AM - INFO - element ('id', 'login-button') is clickable
******* 04/21/2023 10: 48: 09 AM - INFO - element ('class name', 'error-message-container') is visible
******* 04/21/2023 10: 48: 20 AM - INFO - element ('id', 'user-name') enter value
******* 04/21/2023 10: 48: 20 AM - INFO - element ('id', 'user-name') is visible
******* 04/21/2023 10: 48: 20 AM - INFO - element ('id', 'password') enter value
******* 04/21/2023 10: 48: 20 AM - INFO - element ('id', 'password') is visible
******* 04/21/2023 10: 48: 20 AM - INFO - element ('id', 'login-button') click
******* 04/21/2023 10: 48: 20 AM - INFO - element ('id', 'login-button') is clickable
******* 04/21/2023 10: 48: 20 AM - INFO - element ('class name', 'bm-burger-button') click
******* 04/21/2023 10: 48: 20 AM - INFO - element ('class name', 'bm-burger-button') is clickable
******* 04/21/2023 10: 48: 20 AM - INFO - element ('id', 'logout_sidebar_link') click
******* 04/21/2023 10: 48: 20 AM - INFO - element ('id', 'logout_sidebar_link') is clickable
******* 04/21/2023 10: 48: 31 AM - INFO - element ('id', 'user-name') enter value
******* 04/21/2023 10: 48: 31 AM - INFO - element ('id', 'user-name') is visible
******* 04/21/2023 10: 48: 31 AM - INFO - element ('id', 'password') enter value
******* 04/21/2023 10: 48: 31 AM - INFO - element ('id', 'password') is visible
******* 04/21/2023 10: 48: 31 AM - INFO - element ('id', 'login-button') click
******* 04/21/2023 10: 48: 31 AM - INFO - element ('id', 'login-button') is clickable
******* 04/21/2023 10: 48: 32 AM - INFO - element ('id', 'add-to-cart-sauce-labs-backpack') click
******* 04/21/2023 10: 48: 32 AM - INFO - element ('id', 'add-to-cart-sauce-labs-backpack') is clickable
******* 04/21/2023 10: 48: 32 AM - INFO - element ('class name', 'shopping_cart_badge') click
******* 04/21/2023 10: 48: 32 AM - INFO - element ('class name', 'shopping_cart_badge') is clickable
******* 04/21/2023 10: 48: 32 AM - INFO - element ('id', 'checkout') click
******* 04/21/2023 10: 48: 32 AM - INFO - element ('id', 'checkout') is clickable
******* 04/21/2023 10: 48: 32 AM - INFO - element ('id', 'first-name') enter value
******* 04/21/2023 10: 48: 32 AM - INFO - element ('id', 'first-name') is visible
******* 04/21/2023 10: 48: 32 AM - INFO - element ('id', 'last-name') enter value
******* 04/21/2023 10: 48: 32 AM - INFO - element ('id', 'last-name') is visible
******* 04/21/2023 10: 48: 32 AM - INFO - element ('id', 'postal-code') enter value
******* 04/21/2023 10: 48: 32 AM - INFO - element ('id', 'postal-code') is visible
******* 04/21/2023 10: 48: 32 AM - INFO - element ('id', 'continue') click
******* 04/21/2023 10: 48: 32 AM - INFO - element ('id', 'continue') is clickable
******* 04/21/2023 10: 48: 32 AM - INFO - element ('id', 'finish') click
******* 04/21/2023 10: 48: 32 AM - INFO - element ('id', 'finish') is clickable
******* 04/22/2023 12: 43: 29 PM - INFO - element ('id', 'user-name') enter value
******* 04/22/2023 12: 43: 29 PM - INFO - element ('id', 'user-name') is visible
******* 04/22/2023 12: 43: 29 PM - INFO - element ('id', 'password') enter value
******* 04/22/2023 12: 43: 29 PM - INFO - element ('id', 'password') is visible
******* 04/22/2023 12: 43: 29 PM - INFO - element ('id', 'login-button') click
******* 04/22/2023 12: 43: 29 PM - INFO - element ('id', 'login-button') is clickable
******* 04/22/2023 12: 43: 29 PM - INFO - element ('class name', 'title') is visible
******* 04/22/2023 12: 43: 37 PM - INFO - element ('id', 'user-name') enter value
******* 04/22/2023 12: 43: 37 PM - INFO - element ('id', 'user-name') is visible
******* 04/22/2023 12: 43: 37 PM - INFO - element ('id', 'password') enter value
******* 04/22/2023 12: 43: 37 PM - INFO - element ('id', 'password') is visible
******* 04/22/2023 12: 43: 37 PM - INFO - element ('id', 'login-button') click
******* 04/22/2023 12: 43: 37 PM - INFO - element ('id', 'login-button') is clickable
******* 04/22/2023 12: 43: 38 PM - INFO - element ('class name', 'error-message-container') is visible
******* 04/22/2023 12: 43: 46 PM - INFO - element ('id', 'user-name') enter value
******* 04/22/2023 12: 43: 46 PM - INFO - element ('id', 'user-name') is visible
******* 04/22/2023 12: 43: 46 PM - INFO - element ('id', 'password') enter value
******* 04/22/2023 12: 43: 46 PM - INFO - element ('id', 'password') is visible
******* 04/22/2023 12: 43: 46 PM - INFO - element ('id', 'login-button') click
******* 04/22/2023 12: 43: 46 PM - INFO - element ('id', 'login-button') is clickable
******* 04/22/2023 12: 43: 46 PM - INFO - element ('class name', 'error-message-container') is visible
******* 04/22/2023 12: 43: 54 PM - INFO - element ('id', 'user-name') enter value
******* 04/22/2023 12: 43: 54 PM - INFO - element ('id', 'user-name') is visible
******* 04/22/2023 12: 43: 55 PM - INFO - element ('id', 'password') enter value
******* 04/22/2023 12: 43: 55 PM - INFO - element ('id', 'password') is visible
******* 04/22/2023 12: 43: 55 PM - INFO - element ('id', 'login-button') click
******* 04/22/2023 12: 43: 55 PM - INFO - element ('id', 'login-button') is clickable
******* 04/22/2023 12: 43: 55 PM - INFO - element ('class name', 'error-message-container') is visible
******* 04/22/2023 12: 44: 03 PM - INFO - element ('id', 'user-name') enter value
******* 04/22/2023 12: 44: 03 PM - INFO - element ('id', 'user-name') is visible
******* 04/22/2023 12: 44: 03 PM - INFO - element ('id', 'password') enter value
******* 04/22/2023 12: 44: 03 PM - INFO - element ('id', 'password') is visible
******* 04/22/2023 12: 44: 04 PM - INFO - element ('id', 'login-button') click
******* 04/22/2023 12: 44: 04 PM - INFO - element ('id', 'login-button') is clickable
******* 04/22/2023 12: 44: 04 PM - INFO - element ('class name', 'error-message-container') is visible
******* 04/22/2023 12: 44: 12 PM - INFO - element ('id', 'user-name') enter value
******* 04/22/2023 12: 44: 12 PM - INFO - element ('id', 'user-name') is visible
******* 04/22/2023 12: 44: 12 PM - INFO - element ('id', 'password') enter value
******* 04/22/2023 12: 44: 12 PM - INFO - element ('id', 'password') is visible
******* 04/22/2023 12: 44: 12 PM - INFO - element ('id', 'login-button') click
******* 04/22/2023 12: 44: 12 PM - INFO - element ('id', 'login-button') is clickable
******* 04/22/2023 12: 44: 12 PM - INFO - element ('class name', 'bm-burger-button') click
******* 04/22/2023 12: 44: 12 PM - INFO - element ('class name', 'bm-burger-button') is clickable
******* 04/22/2023 12: 44: 12 PM - INFO - element ('id', 'logout_sidebar_link') click
******* 04/22/2023 12: 44: 12 PM - INFO - element ('id', 'logout_sidebar_link') is clickable
******* 04/22/2023 12: 44: 21 PM - INFO - element ('id', 'user-name') enter value
******* 04/22/2023 12: 44: 21 PM - INFO - element ('id', 'user-name') is visible
******* 04/22/2023 12: 44: 21 PM - INFO - element ('id', 'password') enter value
******* 04/22/2023 12: 44: 21 PM - INFO - element ('id', 'password') is visible
******* 04/22/2023 12: 44: 21 PM - INFO - element ('id', 'login-button') click
******* 04/22/2023 12: 44: 21 PM - INFO - element ('id', 'login-button') is clickable
******* 04/22/2023 12: 44: 21 PM - INFO - element ('id', 'add-to-cart-sauce-labs-backpack') click
******* 04/22/2023 12: 44: 21 PM - INFO - element ('id', 'add-to-cart-sauce-labs-backpack') is clickable
******* 04/22/2023 12: 44: 21 PM - INFO - element ('class name', 'shopping_cart_badge') click
******* 04/22/2023 12: 44: 21 PM - INFO - element ('class name', 'shopping_cart_badge') is clickable
******* 04/22/2023 12: 44: 21 PM - INFO - element ('id', 'checkout') click
******* 04/22/2023 12: 44: 21 PM - INFO - element ('id', 'checkout') is clickable
******* 04/22/2023 12: 44: 21 PM - INFO - element ('id', 'first-name') enter value
******* 04/22/2023 12: 44: 21 PM - INFO - element ('id', 'first-name') is visible
******* 04/22/2023 12: 44: 21 PM - INFO - element ('id', 'last-name') enter value
******* 04/22/2023 12: 44: 21 PM - INFO - element ('id', 'last-name') is visible
******* 04/22/2023 12: 44: 21 PM - INFO - element ('id', 'postal-code') enter value
******* 04/22/2023 12: 44: 21 PM - INFO - element ('id', 'postal-code') is visible
******* 04/22/2023 12: 44: 21 PM - INFO - element ('id', 'continue') click
******* 04/22/2023 12: 44: 21 PM - INFO - element ('id', 'continue') is clickable
******* 04/22/2023 12: 44: 21 PM - INFO - element ('id', 'finish') click
******* 04/22/2023 12: 44: 21 PM - INFO - element ('id', 'finish') is clickable
******* 04/25/2023 07: 15: 51 PM - INFO - element ('id', 'user-name') enter value
******* 04/25/2023 07: 15: 51 PM - INFO - element ('id', 'user-name') is visible
******* 04/25/2023 07: 15: 51 PM - INFO - element ('id', 'password') enter value
******* 04/25/2023 07: 15: 51 PM - INFO - element ('id', 'password') is visible
******* 04/25/2023 07: 15: 51 PM - INFO - element ('id', 'login-button') click
******* 04/25/2023 07: 15: 51 PM - INFO - element ('id', 'login-button') is clickable
******* 04/25/2023 07: 15: 51 PM - INFO - element ('class name', 'title') is visible
******* 04/25/2023 07: 16: 01 PM - INFO - element ('id', 'user-name') enter value
******* 04/25/2023 07: 16: 01 PM - INFO - element ('id', 'user-name') is visible
******* 04/25/2023 07: 16: 01 PM - INFO - element ('id', 'password') enter value
******* 04/25/2023 07: 16: 01 PM - INFO - element ('id', 'password') is visible
******* 04/25/2023 07: 16: 01 PM - INFO - element ('id', 'login-button') click
******* 04/25/2023 07: 16: 01 PM - INFO - element ('id', 'login-button') is clickable
******* 04/25/2023 07: 16: 01 PM - INFO - element ('class name', 'error-message-container') is visible
******* 04/25/2023 07: 16: 12 PM - INFO - element ('id', 'user-name') enter value
******* 04/25/2023 07: 16: 12 PM - INFO - element ('id', 'user-name') is visible
******* 04/25/2023 07: 16: 12 PM - INFO - element ('id', 'password') enter value
******* 04/25/2023 07: 16: 12 PM - INFO - element ('id', 'password') is visible
******* 04/25/2023 07: 16: 12 PM - INFO - element ('id', 'login-button') click
******* 04/25/2023 07: 16: 12 PM - INFO - element ('id', 'login-button') is clickable
******* 04/25/2023 07: 16: 12 PM - INFO - element ('class name', 'error-message-container') is visible
******* 04/25/2023 07: 16: 21 PM - INFO - element ('id', 'user-name') enter value
******* 04/25/2023 07: 16: 21 PM - INFO - element ('id', 'user-name') is visible
******* 04/25/2023 07: 16: 22 PM - INFO - element ('id', 'password') enter value
******* 04/25/2023 07: 16: 22 PM - INFO - element ('id', 'password') is visible
******* 04/25/2023 07: 16: 22 PM - INFO - element ('id', 'login-button') click
******* 04/25/2023 07: 16: 22 PM - INFO - element ('id', 'login-button') is clickable
******* 04/25/2023 07: 16: 22 PM - INFO - element ('class name', 'error-message-container') is visible
******* 04/25/2023 07: 16: 31 PM - INFO - element ('id', 'user-name') enter value
******* 04/25/2023 07: 16: 31 PM - INFO - element ('id', 'user-name') is visible
******* 04/25/2023 07: 16: 31 PM - INFO - element ('id', 'password') enter value
******* 04/25/2023 07: 16: 31 PM - INFO - element ('id', 'password') is visible
******* 04/25/2023 07: 16: 31 PM - INFO - element ('id', 'login-button') click
******* 04/25/2023 07: 16: 31 PM - INFO - element ('id', 'login-button') is clickable
******* 04/25/2023 07: 16: 31 PM - INFO - element ('class name', 'error-message-container') is visible
******* 04/25/2023 07: 16: 41 PM - INFO - element ('id', 'user-name') enter value
******* 04/25/2023 07: 16: 41 PM - INFO - element ('id', 'user-name') is visible
******* 04/25/2023 07: 16: 41 PM - INFO - element ('id', 'password') enter value
******* 04/25/2023 07: 16: 41 PM - INFO - element ('id', 'password') is visible
******* 04/25/2023 07: 16: 41 PM - INFO - element ('id', 'login-button') click
******* 04/25/2023 07: 16: 41 PM - INFO - element ('id', 'login-button') is clickable
******* 04/25/2023 07: 16: 41 PM - INFO - element ('class name', 'bm-burger-button') click
******* 04/25/2023 07: 16: 41 PM - INFO - element ('class name', 'bm-burger-button') is clickable
******* 04/25/2023 07: 16: 41 PM - INFO - element ('id', 'logout_sidebar_link') click
******* 04/25/2023 07: 16: 41 PM - INFO - element ('id', 'logout_sidebar_link') is clickable
******* 04/25/2023 07: 16: 51 PM - INFO - element ('id', 'user-name') enter value
******* 04/25/2023 07: 16: 51 PM - INFO - element ('id', 'user-name') is visible
******* 04/25/2023 07: 16: 51 PM - INFO - element ('id', 'password') enter value
******* 04/25/2023 07: 16: 51 PM - INFO - element ('id', 'password') is visible
******* 04/25/2023 07: 16: 52 PM - INFO - element ('id', 'login-button') click
******* 04/25/2023 07: 16: 52 PM - INFO - element ('id', 'login-button') is clickable
******* 04/25/2023 07: 16: 52 PM - INFO - element ('id', 'add-to-cart-sauce-labs-backpack') click
******* 04/25/2023 07: 16: 52 PM - INFO - element ('id', 'add-to-cart-sauce-labs-backpack') is clickable
******* 04/25/2023 07: 16: 52 PM - INFO - element ('class name', 'shopping_cart_badge') click
******* 04/25/2023 07: 16: 52 PM - INFO - element ('class name', 'shopping_cart_badge') is clickable
******* 04/25/2023 07: 16: 52 PM - INFO - element ('id', 'checkout') click
******* 04/25/2023 07: 16: 52 PM - INFO - element ('id', 'checkout') is clickable
******* 04/25/2023 07: 16: 52 PM - INFO - element ('id', 'first-name') enter value
******* 04/25/2023 07: 16: 52 PM - INFO - element ('id', 'first-name') is visible
******* 04/25/2023 07: 16: 52 PM - INFO - element ('id', 'last-name') enter value
******* 04/25/2023 07: 16: 52 PM - INFO - element ('id', 'last-name') is visible
******* 04/25/2023 07: 16: 52 PM - INFO - element ('id', 'postal-code') enter value
******* 04/25/2023 07: 16: 52 PM - INFO - element ('id', 'postal-code') is visible
******* 04/25/2023 07: 16: 52 PM - INFO - element ('id', 'continue') click
******* 04/25/2023 07: 16: 52 PM - INFO - element ('id', 'continue') is clickable
******* 04/25/2023 07: 16: 53 PM - INFO - element ('id', 'finish') click
******* 04/25/2023 07: 16: 53 PM - INFO - element ('id', 'finish') is clickable
