******* 05/10/2023 08: 11: 48 AM - INFO - element ('id', 'user-name') enter value
******* 05/10/2023 08: 11: 48 AM - INFO - element ('id', 'user-name') is visible
******* 05/10/2023 08: 11: 48 AM - INFO - element ('id', 'password') enter value
******* 05/10/2023 08: 11: 48 AM - INFO - element ('id', 'password') is visible
******* 05/10/2023 08: 11: 48 AM - INFO - element ('id', 'login-button') click
******* 05/10/2023 08: 11: 48 AM - INFO - element ('id', 'login-button') is clickable
******* 05/10/2023 08: 11: 49 AM - INFO - element ('id', 'add-to-cart-sauce-labs-backpack') click
******* 05/10/2023 08: 11: 49 AM - INFO - element ('id', 'add-to-cart-sauce-labs-backpack') is clickable
******* 05/10/2023 08: 11: 58 AM - INFO - element ('id', 'user-name') enter value
******* 05/10/2023 08: 11: 58 AM - INFO - element ('id', 'user-name') is visible
******* 05/10/2023 08: 11: 58 AM - INFO - element ('id', 'password') enter value
******* 05/10/2023 08: 11: 58 AM - INFO - element ('id', 'password') is visible
******* 05/10/2023 08: 11: 58 AM - INFO - element ('id', 'login-button') click
******* 05/10/2023 08: 11: 58 AM - INFO - element ('id', 'login-button') is clickable
******* 05/10/2023 08: 11: 58 AM - INFO - element ('id', 'add-to-cart-sauce-labs-backpack') click
******* 05/10/2023 08: 11: 58 AM - INFO - element ('id', 'add-to-cart-sauce-labs-backpack') is clickable
******* 05/14/2023 07: 33: 21 AM - INFO - element ('id', 'user-name') enter value
******* 05/14/2023 07: 33: 21 AM - INFO - element ('id', 'user-name') is visible
******* 05/14/2023 07: 33: 21 AM - INFO - element ('id', 'password') enter value
******* 05/14/2023 07: 33: 21 AM - INFO - element ('id', 'password') is visible
******* 05/14/2023 07: 33: 21 AM - INFO - element ('id', 'login-button') click
******* 05/14/2023 07: 33: 21 AM - INFO - element ('id', 'login-button') is clickable
******* 05/14/2023 07: 33: 22 AM - INFO - element ('id', 'add-to-cart-sauce-labs-backpack') click
******* 05/14/2023 07: 33: 22 AM - INFO - element ('id', 'add-to-cart-sauce-labs-backpack') is clickable
******* 05/14/2023 07: 33: 22 AM - INFO - element ('class name', 'shopping_cart_badge') click
******* 05/14/2023 07: 33: 22 AM - INFO - element ('class name', 'shopping_cart_badge') is clickable
******* 05/14/2023 07: 33: 22 AM - INFO - element ('id', 'checkout') click
******* 05/14/2023 07: 33: 22 AM - INFO - element ('id', 'checkout') is clickable
******* 05/14/2023 07: 33: 22 AM - INFO - element ('id', 'first-name') enter value
******* 05/14/2023 07: 33: 22 AM - INFO - element ('id', 'first-name') is visible
******* 05/14/2023 07: 33: 22 AM - INFO - element ('id', 'last-name') enter value
******* 05/14/2023 07: 33: 22 AM - INFO - element ('id', 'last-name') is visible
******* 05/14/2023 07: 33: 22 AM - INFO - element ('id', 'postal-code') enter value
******* 05/14/2023 07: 33: 22 AM - INFO - element ('id', 'postal-code') is visible
******* 05/14/2023 07: 33: 22 AM - INFO - element ('id', 'continue') click
******* 05/14/2023 07: 33: 22 AM - INFO - element ('id', 'continue') is clickable
******* 05/14/2023 07: 33: 22 AM - INFO - element ('id', 'finish') click
******* 05/14/2023 07: 33: 22 AM - INFO - element ('id', 'finish') is clickable
